2024-04-15 16:24:36.238 [restartedMain] INFO  com.siac.ConnectApplication - Starting ConnectApplication using Java 18.0.2-ea with PID 198519 (/home/tiagoribeiro/www/projects/dgt-system/service-siac/connect/target/classes started by tiagoribeiro in /home/tiagoribeiro/www/projects/dgt-system/service-siac/connect)
2024-04-15 16:24:36.238 [restartedMain] INFO  com.siac.ConnectApplication - No active profile set, falling back to 1 default profile: "default"
2024-04-15 16:24:36.313 [restartedMain] INFO  o.s.b.d.e.DevToolsPropertyDefaultsPostProcessor - Devtools property defaults active! Set 'spring.devtools.add-properties' to 'false' to disable
2024-04-15 16:24:36.313 [restartedMain] INFO  o.s.b.d.e.DevToolsPropertyDefaultsPostProcessor - For additional web related logging consider setting the 'logging.level.web' property to 'DEBUG'
2024-04-15 16:24:36.315 [restartedMain] INFO  com.siac.ConnectApplication - Starting ConnectApplication using Java 18.0.2-ea with PID 198519 (/home/tiagoribeiro/www/projects/dgt-system/service-siac/connect/target/classes started by tiagoribeiro in /home/tiagoribeiro/www/projects/dgt-system/service-siac/connect)
2024-04-15 16:24:36.315 [restartedMain] INFO  com.siac.ConnectApplication - No active profile set, falling back to 1 default profile: "default"
2024-04-15 16:24:36.423 [restartedMain] INFO  o.s.b.w.e.tomcat.TomcatWebServer - Tomcat initialized with port(s): 8081 (http)
2024-04-15 16:24:36.424 [restartedMain] INFO  o.a.catalina.core.StandardService - Starting service [Tomcat]
2024-04-15 16:24:36.424 [restartedMain] INFO  o.a.catalina.core.StandardEngine - Starting Servlet engine: [Apache Tomcat/10.1.10]
2024-04-15 16:24:36.428 [restartedMain] INFO  o.a.c.c.C.[.[localhost].[/] - Initializing Spring embedded WebApplicationContext
2024-04-15 16:24:36.429 [restartedMain] INFO  o.s.b.w.s.c.ServletWebServerApplicationContext - Root WebApplicationContext: initialization completed in 190 ms
2024-04-15 16:24:36.462 [restartedMain] INFO  o.s.b.w.e.tomcat.TomcatWebServer - Tomcat initialized with port(s): 8081 (http)
2024-04-15 16:24:36.463 [restartedMain] INFO  o.a.catalina.core.StandardService - Starting service [Tomcat]
2024-04-15 16:24:36.464 [restartedMain] INFO  o.a.catalina.core.StandardEngine - Starting Servlet engine: [Apache Tomcat/10.1.10]
2024-04-15 16:24:36.467 [restartedMain] INFO  o.a.c.c.C.[.[localhost].[/] - Initializing Spring embedded WebApplicationContext
2024-04-15 16:24:36.467 [restartedMain] INFO  o.s.b.w.s.c.ServletWebServerApplicationContext - Root WebApplicationContext: initialization completed in 151 ms
2024-04-15 16:24:36.487 [restartedMain] INFO  o.s.b.a.h.H2ConsoleAutoConfiguration - H2 console available at '/h2-console'. Database available at 'jdbc:extendedsystems:advantage://10.1.1.5:6262'
2024-04-15 16:24:36.531 [restartedMain] INFO  o.s.b.a.h.H2ConsoleAutoConfiguration - H2 console available at '/h2-console'. Database available at 'jdbc:extendedsystems:advantage://10.1.1.5:6262'
2024-04-15 16:24:36.605 [restartedMain] INFO  o.s.b.d.a.OptionalLiveReloadServer - LiveReload server is running on port 35729
2024-04-15 16:24:36.612 [restartedMain] INFO  o.s.b.w.e.tomcat.TomcatWebServer - Tomcat started on port(s): 8081 (http) with context path ''
2024-04-15 16:24:36.616 [restartedMain] INFO  com.siac.ConnectApplication - Started ConnectApplication in 0.397 seconds (process running for 2740.496)
2024-04-15 16:24:36.617 [restartedMain] INFO  o.s.b.d.a.ConditionEvaluationDeltaLoggingListener - Condition evaluation unchanged
2024-04-15 16:24:36.621 [restartedMain] INFO  o.s.b.d.a.OptionalLiveReloadServer - LiveReload server is running on port 35729
2024-04-15 16:24:36.627 [restartedMain] WARN  o.s.b.w.s.c.AnnotationConfigServletWebServerApplicationContext - Exception encountered during context initialization - cancelling refresh attempt: org.springframework.context.ApplicationContextException: Failed to start bean 'webServerStartStop'
2024-04-15 16:24:36.628 [restartedMain] INFO  o.a.catalina.core.StandardService - Stopping service [Tomcat]
2024-04-15 16:24:36.634 [restartedMain] INFO  o.s.b.a.l.ConditionEvaluationReportLogger - 

Error starting ApplicationContext. To display the condition evaluation report re-run your application with 'debug' enabled.
2024-04-15 16:24:36.636 [restartedMain] ERROR o.s.b.d.LoggingFailureAnalysisReporter - 

***************************
APPLICATION FAILED TO START
***************************

Description:

Web server failed to start. Port 8081 was already in use.

Action:

Identify and stop the process that's listening on port 8081 or configure this application to listen on another port.

